This file contains any messages produced by compilers while
running configure, to aid debugging if configure makes a mistake.

It was created by netCDF configure 3.6.2, which was
generated by GNU Autoconf 2.69.  Invocation command line was

  $ ./configure --no-create --no-recursion

## --------- ##
## Platform. ##
## --------- ##

hostname = thumper-xenial
uname -m = x86_64
uname -r = 4.4.0-42-generic
uname -s = Linux
uname -v = #62-Ubuntu SMP Fri Oct 7 23:11:45 UTC 2016

/usr/bin/uname -p = unknown
/bin/uname -X     = unknown

/bin/arch              = unknown
/usr/bin/arch -k       = unknown
/usr/convex/getsysinfo = unknown
/usr/bin/hostinfo      = unknown
/bin/machine           = unknown
/usr/bin/oslevel       = unknown
/bin/universe          = unknown

PATH: /home/simon/gotm-dst/bin
PATH: /opt/anaconda3/bin
PATH: /usr/local/sbin
PATH: /usr/local/bin
PATH: /usr/sbin
PATH: /usr/bin
PATH: /sbin
PATH: /bin
PATH: /usr/games
PATH: /usr/local/games
PATH: /snap/bin


## ----------- ##
## Core tests. ##
## ----------- ##

configure:3068: netCDF 3.6.2
configure:3105: checking build system type
configure:3119: result: x86_64-unknown-linux-gnu
configure:3139: checking host system type
configure:3152: result: x86_64-unknown-linux-gnu
configure:3197: checking for a BSD-compatible install
configure:3265: result: /usr/bin/install -c
configure:3276: checking whether build environment is sane
configure:3326: result: yes
configure:3467: checking for a thread-safe mkdir -p
configure:3506: result: /bin/mkdir -p
configure:3519: checking for gawk
configure:3535: found /usr/bin/gawk
configure:3546: result: gawk
configure:3557: checking whether make sets $(MAKE)
configure:3579: result: yes
configure:3663: checking user options
configure:3706: checking whether CXX is set to ''
configure:3710: result: no
configure:3714: checking whether FC is set to ''
configure:3718: result: no
configure:3722: checking whether F90 is set to ''
configure:3726: result: no
configure:3748: checking whether documentation is to be installed
configure:3756: result: no
configure:3770: checking whether Fortran compiler(s) should be tested during configure
configure:3778: result: yes
configure:3783: checking whether configure should try to set compiler flags
configure:3791: result: yes
configure:3795: checking whether FFIO will be used
configure:3803: result: no
configure:3816: checking whether to skip C++, F77, or F90 APIs if compiler is broken
configure:3824: result: yes
configure:3828: checking whether only the C library is desired
configure:3836: result: no
configure:3855: checking whether examples should be built
configure:3863: result: yes
configure:3875: checking whether F77 API is desired
configure:3884: result: yes
configure:3889: checking whether F90 API is desired
configure:3899: result: yes
configure:3903: checking whether fortran type sizes should be checked
configure:3911: result: yes
configure:3917: checking whether C API is desired
configure:3925: result: yes
configure:3932: checking where to get netCDF C-only library for separate fortran libraries
configure:3948: result: 
configure:3960: checking whether CXX API is desired
configure:3969: result: yes
configure:3973: checking whether v2 netCDF API should be built
configure:3981: result: yes
configure:4000: checking whether the ncgen/ncdump should be built
configure:4008: result: yes
configure:4020: checking whether large file (> 2GB) tests should be run
configure:4028: result: no
configure:4040: checking whether extreme numbers should be used in tests
configure:4055: result: yes
configure:4067: checking where to put large temp files if large file tests are run
configure:4076: result: .
configure:4085: checking whether a win32 DLL is desired
configure:4093: result: no
configure:4115: checking whether separate fortran libs are desired
configure:4124: result: no
configure:4175: finding C compiler
configure:4232: checking for xlc
configure:4262: result: no
configure:4232: checking for cc
configure:4248: found /usr/bin/cc
configure:4259: result: cc
configure:4290: checking for C compiler version
configure:4299: cc --version >&5
cc (Ubuntu 5.4.0-6ubuntu1~16.04.4) 5.4.0 20160609
Copyright (C) 2015 Free Software Foundation, Inc.
This is free software; see the source for copying conditions.  There is NO
warranty; not even for MERCHANTABILITY or FITNESS FOR A PARTICULAR PURPOSE.

configure:4310: $? = 0
configure:4299: cc -v >&5
Using built-in specs.
COLLECT_GCC=cc
COLLECT_LTO_WRAPPER=/usr/lib/gcc/x86_64-linux-gnu/5/lto-wrapper
Target: x86_64-linux-gnu
Configured with: ../src/configure -v --with-pkgversion='Ubuntu 5.4.0-6ubuntu1~16.04.4' --with-bugurl=file:///usr/share/doc/gcc-5/README.Bugs --enable-languages=c,ada,c++,java,go,d,fortran,objc,obj-c++ --prefix=/usr --program-suffix=-5 --enable-shared --enable-linker-build-id --libexecdir=/usr/lib --without-included-gettext --enable-threads=posix --libdir=/usr/lib --enable-nls --with-sysroot=/ --enable-clocale=gnu --enable-libstdcxx-debug --enable-libstdcxx-time=yes --with-default-libstdcxx-abi=new --enable-gnu-unique-object --disable-vtable-verify --enable-libmpx --enable-plugin --with-system-zlib --disable-browser-plugin --enable-java-awt=gtk --enable-gtk-cairo --with-java-home=/usr/lib/jvm/java-1.5.0-gcj-5-amd64/jre --enable-java-home --with-jvm-root-dir=/usr/lib/jvm/java-1.5.0-gcj-5-amd64 --with-jvm-jar-dir=/usr/lib/jvm-exports/java-1.5.0-gcj-5-amd64 --with-arch-directory=amd64 --with-ecj-jar=/usr/share/java/eclipse-ecj.jar --enable-objc-gc --enable-multiarch --disable-werror --with-arch-32=i686 --with-abi=m64 --with-multilib-list=m32,m64,mx32 --enable-multilib --with-tune=generic --enable-checking=release --build=x86_64-linux-gnu --host=x86_64-linux-gnu --target=x86_64-linux-gnu
Thread model: posix
gcc version 5.4.0 20160609 (Ubuntu 5.4.0-6ubuntu1~16.04.4) 
configure:4310: $? = 0
configure:4299: cc -V >&5
cc: error: unrecognized command line option '-V'
cc: fatal error: no input files
compilation terminated.
configure:4310: $? = 1
configure:4299: cc -qversion >&5
cc: error: unrecognized command line option '-qversion'
cc: fatal error: no input files
compilation terminated.
configure:4310: $? = 1
configure:4330: checking whether the C compiler works
configure:4352: cc    conftest.c  >&5
configure:4356: $? = 0
configure:4404: result: yes
configure:4407: checking for C compiler default output file name
configure:4409: result: a.out
configure:4415: checking for suffix of executables
configure:4422: cc -o conftest    conftest.c  >&5
configure:4426: $? = 0
configure:4448: result: 
configure:4470: checking whether we are cross compiling
configure:4478: cc -o conftest    conftest.c  >&5
configure:4482: $? = 0
configure:4489: ./conftest
configure:4493: $? = 0
configure:4508: result: no
configure:4513: checking for suffix of object files
configure:4535: cc -c   conftest.c >&5
configure:4539: $? = 0
configure:4560: result: o
configure:4564: checking whether we are using the GNU C compiler
configure:4583: cc -c   conftest.c >&5
configure:4583: $? = 0
configure:4592: result: yes
configure:4601: checking whether cc accepts -g
configure:4621: cc -c -g  conftest.c >&5
configure:4621: $? = 0
configure:4662: result: yes
configure:4679: checking for cc option to accept ISO C89
configure:4742: cc  -c -g -O2  conftest.c >&5
configure:4742: $? = 0
configure:4755: result: none needed
configure:4786: checking for style of include used by make
configure:4814: result: GNU
configure:4839: checking dependency style of cc
configure:4949: result: gcc3
configure:4968: checking whether cc understands -c and -o together
configure:4996: cc -c conftest.c -o conftest2.o >&5
configure:5000: $? = 0
configure:5006: cc -c conftest.c -o conftest2.o >&5
configure:5010: $? = 0
configure:5065: result: yes
configure:5091: checking for an ANSI C-conforming const
configure:5157: cc -c -g -O2  conftest.c >&5
configure:5157: $? = 0
configure:5164: result: yes
configure:5193: finding Fortran compiler (will not be used if Fortran API is not desired)
configure:5478: checking for xlf90
configure:5508: result: no
configure:5478: checking for fort
configure:5508: result: no
configure:5478: checking for xlf95
configure:5508: result: no
configure:5478: checking for ifort
configure:5508: result: no
configure:5478: checking for ifc
configure:5508: result: no
configure:5478: checking for efc
configure:5508: result: no
configure:5478: checking for pgf95
configure:5508: result: no
configure:5478: checking for lf95
configure:5508: result: no
configure:5478: checking for gfortran
configure:5494: found /usr/bin/gfortran
configure:5505: result: gfortran
configure:5531: checking for Fortran compiler version
configure:5540: gfortran --version >&5
GNU Fortran (Ubuntu 5.4.0-6ubuntu1~16.04.4) 5.4.0 20160609
Copyright (C) 2015 Free Software Foundation, Inc.

GNU Fortran comes with NO WARRANTY, to the extent permitted by law.
You may redistribute copies of GNU Fortran
under the terms of the GNU General Public License.
For more information about these matters, see the file named COPYING

configure:5551: $? = 0
configure:5540: gfortran -v >&5
Using built-in specs.
COLLECT_GCC=gfortran
COLLECT_LTO_WRAPPER=/usr/lib/gcc/x86_64-linux-gnu/5/lto-wrapper
Target: x86_64-linux-gnu
Configured with: ../src/configure -v --with-pkgversion='Ubuntu 5.4.0-6ubuntu1~16.04.4' --with-bugurl=file:///usr/share/doc/gcc-5/README.Bugs --enable-languages=c,ada,c++,java,go,d,fortran,objc,obj-c++ --prefix=/usr --program-suffix=-5 --enable-shared --enable-linker-build-id --libexecdir=/usr/lib --without-included-gettext --enable-threads=posix --libdir=/usr/lib --enable-nls --with-sysroot=/ --enable-clocale=gnu --enable-libstdcxx-debug --enable-libstdcxx-time=yes --with-default-libstdcxx-abi=new --enable-gnu-unique-object --disable-vtable-verify --enable-libmpx --enable-plugin --with-system-zlib --disable-browser-plugin --enable-java-awt=gtk --enable-gtk-cairo --with-java-home=/usr/lib/jvm/java-1.5.0-gcj-5-amd64/jre --enable-java-home --with-jvm-root-dir=/usr/lib/jvm/java-1.5.0-gcj-5-amd64 --with-jvm-jar-dir=/usr/lib/jvm-exports/java-1.5.0-gcj-5-amd64 --with-arch-directory=amd64 --with-ecj-jar=/usr/share/java/eclipse-ecj.jar --enable-objc-gc --enable-multiarch --disable-werror --with-arch-32=i686 --with-abi=m64 --with-multilib-list=m32,m64,mx32 --enable-multilib --with-tune=generic --enable-checking=release --build=x86_64-linux-gnu --host=x86_64-linux-gnu --target=x86_64-linux-gnu
Thread model: posix
gcc version 5.4.0 20160609 (Ubuntu 5.4.0-6ubuntu1~16.04.4) 
configure:5551: $? = 0
configure:5540: gfortran -V >&5
gfortran: error: unrecognized command line option '-V'
gfortran: fatal error: no input files
compilation terminated.
configure:5551: $? = 1
configure:5540: gfortran -qversion >&5
gfortran: error: unrecognized command line option '-qversion'
gfortran: fatal error: no input files
compilation terminated.
configure:5551: $? = 1
configure:5560: checking whether we are using the GNU Fortran compiler
configure:5573: gfortran -c   conftest.F >&5
configure:5573: $? = 0
configure:5582: result: yes
configure:5588: checking whether gfortran accepts -g
configure:5599: gfortran -c -g  conftest.f >&5
configure:5599: $? = 0
configure:5607: result: yes
configure:5703: checking for xlf
configure:5733: result: no
configure:5703: checking for fort
configure:5733: result: no
configure:5703: checking for xlf95
configure:5733: result: no
configure:5703: checking for ifort
configure:5733: result: no
configure:5703: checking for ifc
configure:5733: result: no
configure:5703: checking for efc
configure:5733: result: no
configure:5703: checking for pgf77
configure:5733: result: no
configure:5703: checking for lf95
configure:5733: result: no
configure:5703: checking for gfortran
configure:5719: found /usr/bin/gfortran
configure:5730: result: gfortran
configure:5756: checking for Fortran 77 compiler version
configure:5765: gfortran --version >&5
GNU Fortran (Ubuntu 5.4.0-6ubuntu1~16.04.4) 5.4.0 20160609
Copyright (C) 2015 Free Software Foundation, Inc.

GNU Fortran comes with NO WARRANTY, to the extent permitted by law.
You may redistribute copies of GNU Fortran
under the terms of the GNU General Public License.
For more information about these matters, see the file named COPYING

configure:5776: $? = 0
configure:5765: gfortran -v >&5
Using built-in specs.
COLLECT_GCC=gfortran
COLLECT_LTO_WRAPPER=/usr/lib/gcc/x86_64-linux-gnu/5/lto-wrapper
Target: x86_64-linux-gnu
Configured with: ../src/configure -v --with-pkgversion='Ubuntu 5.4.0-6ubuntu1~16.04.4' --with-bugurl=file:///usr/share/doc/gcc-5/README.Bugs --enable-languages=c,ada,c++,java,go,d,fortran,objc,obj-c++ --prefix=/usr --program-suffix=-5 --enable-shared --enable-linker-build-id --libexecdir=/usr/lib --without-included-gettext --enable-threads=posix --libdir=/usr/lib --enable-nls --with-sysroot=/ --enable-clocale=gnu --enable-libstdcxx-debug --enable-libstdcxx-time=yes --with-default-libstdcxx-abi=new --enable-gnu-unique-object --disable-vtable-verify --enable-libmpx --enable-plugin --with-system-zlib --disable-browser-plugin --enable-java-awt=gtk --enable-gtk-cairo --with-java-home=/usr/lib/jvm/java-1.5.0-gcj-5-amd64/jre --enable-java-home --with-jvm-root-dir=/usr/lib/jvm/java-1.5.0-gcj-5-amd64 --with-jvm-jar-dir=/usr/lib/jvm-exports/java-1.5.0-gcj-5-amd64 --with-arch-directory=amd64 --with-ecj-jar=/usr/share/java/eclipse-ecj.jar --enable-objc-gc --enable-multiarch --disable-werror --with-arch-32=i686 --with-abi=m64 --with-multilib-list=m32,m64,mx32 --enable-multilib --with-tune=generic --enable-checking=release --build=x86_64-linux-gnu --host=x86_64-linux-gnu --target=x86_64-linux-gnu
Thread model: posix
gcc version 5.4.0 20160609 (Ubuntu 5.4.0-6ubuntu1~16.04.4) 
configure:5776: $? = 0
configure:5765: gfortran -V >&5
gfortran: error: unrecognized command line option '-V'
gfortran: fatal error: no input files
compilation terminated.
configure:5776: $? = 1
configure:5765: gfortran -qversion >&5
gfortran: error: unrecognized command line option '-qversion'
gfortran: fatal error: no input files
compilation terminated.
configure:5776: $? = 1
configure:5785: checking whether we are using the GNU Fortran 77 compiler
configure:5798: gfortran -c  conftest.F >&5
configure:5798: $? = 0
configure:5807: result: yes
configure:5813: checking whether gfortran accepts -g
configure:5824: gfortran -c -g conftest.f >&5
configure:5824: $? = 0
configure:5832: result: yes
configure:5878: setting up Fortran 90
configure:5897: checking for Fortran flag to compile .f90 files
configure:5917: gfortran -c -g -O2  conftest.f90 >&5
configure:5917: $? = 0
configure:5926: result: none
configure:5954: checking fortran 90 modules inclusion flag
configure:5979: gfortran -c -g -O2  conftest.f90 >&5
configure:5979: $? = 0
configure:5996: gfortran -c -g -O2 -Itmpdir_0  conftest.f90 >&5
configure:5996: $? = 0
configure:6015: result: -I
configure:6027: checking if Fortran compiler can handle Fortran-90
configure:6035: gfortran     conftest.f90
configure:6038: $? = 0
configure:6050: result: yes
configure:6059: finding C++ compiler (will not be used if C++ API is not desired)
configure:6126: checking for cl
configure:6156: result: no
configure:6126: checking for KCC
configure:6156: result: no
configure:6126: checking for CC
configure:6156: result: no
configure:6126: checking for cxx
configure:6156: result: no
configure:6126: checking for cc++
configure:6156: result: no
configure:6126: checking for xlC
configure:6156: result: no
configure:6126: checking for aCC
configure:6156: result: no
configure:6126: checking for c++
configure:6142: found /usr/bin/c++
configure:6153: result: c++
configure:6180: checking for C++ compiler version
configure:6189: c++ --version >&5
c++ (Ubuntu 5.4.0-6ubuntu1~16.04.4) 5.4.0 20160609
Copyright (C) 2015 Free Software Foundation, Inc.
This is free software; see the source for copying conditions.  There is NO
warranty; not even for MERCHANTABILITY or FITNESS FOR A PARTICULAR PURPOSE.

configure:6200: $? = 0
configure:6189: c++ -v >&5
Using built-in specs.
COLLECT_GCC=c++
COLLECT_LTO_WRAPPER=/usr/lib/gcc/x86_64-linux-gnu/5/lto-wrapper
Target: x86_64-linux-gnu
Configured with: ../src/configure -v --with-pkgversion='Ubuntu 5.4.0-6ubuntu1~16.04.4' --with-bugurl=file:///usr/share/doc/gcc-5/README.Bugs --enable-languages=c,ada,c++,java,go,d,fortran,objc,obj-c++ --prefix=/usr --program-suffix=-5 --enable-shared --enable-linker-build-id --libexecdir=/usr/lib --without-included-gettext --enable-threads=posix --libdir=/usr/lib --enable-nls --with-sysroot=/ --enable-clocale=gnu --enable-libstdcxx-debug --enable-libstdcxx-time=yes --with-default-libstdcxx-abi=new --enable-gnu-unique-object --disable-vtable-verify --enable-libmpx --enable-plugin --with-system-zlib --disable-browser-plugin --enable-java-awt=gtk --enable-gtk-cairo --with-java-home=/usr/lib/jvm/java-1.5.0-gcj-5-amd64/jre --enable-java-home --with-jvm-root-dir=/usr/lib/jvm/java-1.5.0-gcj-5-amd64 --with-jvm-jar-dir=/usr/lib/jvm-exports/java-1.5.0-gcj-5-amd64 --with-arch-directory=amd64 --with-ecj-jar=/usr/share/java/eclipse-ecj.jar --enable-objc-gc --enable-multiarch --disable-werror --with-arch-32=i686 --with-abi=m64 --with-multilib-list=m32,m64,mx32 --enable-multilib --with-tune=generic --enable-checking=release --build=x86_64-linux-gnu --host=x86_64-linux-gnu --target=x86_64-linux-gnu
Thread model: posix
gcc version 5.4.0 20160609 (Ubuntu 5.4.0-6ubuntu1~16.04.4) 
configure:6200: $? = 0
configure:6189: c++ -V >&5
c++: error: unrecognized command line option '-V'
c++: fatal error: no input files
compilation terminated.
configure:6200: $? = 1
configure:6189: c++ -qversion >&5
c++: error: unrecognized command line option '-qversion'
c++: fatal error: no input files
compilation terminated.
configure:6200: $? = 1
configure:6204: checking whether we are using the GNU C++ compiler
configure:6223: c++ -c   conftest.cpp >&5
configure:6223: $? = 0
configure:6232: result: yes
configure:6241: checking whether c++ accepts -g
configure:6261: c++ -c -g  conftest.cpp >&5
configure:6261: $? = 0
configure:6302: result: yes
configure:6327: checking dependency style of c++
configure:6437: result: gcc3
configure:6838: checking for a sed that does not truncate output
configure:6902: result: /bin/sed
configure:6920: checking for grep that handles long lines and -e
configure:6978: result: /bin/grep
configure:6983: checking for egrep
configure:7045: result: /bin/grep -E
configure:7050: checking for fgrep
configure:7112: result: /bin/grep -F
configure:7147: checking for ld used by cc
configure:7214: result: /usr/bin/ld
configure:7221: checking if the linker (/usr/bin/ld) is GNU ld
configure:7236: result: yes
configure:7248: checking for BSD- or MS-compatible name lister (nm)
configure:7297: result: /usr/bin/nm -B
configure:7415: checking the name lister (/usr/bin/nm -B) interface
configure:7422: cc -c -g -O2  conftest.c >&5
configure:7425: /usr/bin/nm -B "conftest.o"
configure:7428: output
0000000000000000 B some_variable
configure:7435: result: BSD nm
configure:7438: checking whether ln -s works
configure:7442: result: yes
configure:7450: checking the maximum length of command line arguments
configure:7570: result: 1572864
configure:7587: checking whether the shell understands some XSI constructs
configure:7597: result: yes
configure:7601: checking whether the shell understands "+="
configure:7607: result: yes
configure:7642: checking for /usr/bin/ld option to reload object files
configure:7649: result: -r
configure:7718: checking for objdump
configure:7745: result: objdump
configure:7774: checking how to recognize dependent libraries
configure:7970: result: pass_all
configure:8030: checking for ar
configure:8046: found /usr/bin/ar
configure:8057: result: ar
configure:8135: checking for strip
configure:8151: found /usr/bin/strip
configure:8162: result: strip
configure:8234: checking for ranlib
configure:8250: found /usr/bin/ranlib
configure:8261: result: ranlib
configure:8351: checking command to parse /usr/bin/nm -B output from cc object
configure:8469: cc -c -g -O2  conftest.c >&5
configure:8472: $? = 0
configure:8476: /usr/bin/nm -B conftest.o \| sed -n -e 's/^.*[	 ]\([ABCDGIRSTW][ABCDGIRSTW]*\)[	 ][	 ]*\([_A-Za-z][_A-Za-z0-9]*\)$/\1 \2 \2/p' \> conftest.nm
configure:8479: $? = 0
configure:8533: cc -o conftest -g -O2   conftest.c conftstm.o >&5
configure:8536: $? = 0
configure:8574: result: ok
configure:8669: cc -c -g -O2  conftest.c >&5
configure:8672: $? = 0
configure:9382: checking how to run the C preprocessor
configure:9413: cc -E  conftest.c
configure:9413: $? = 0
configure:9427: cc -E  conftest.c
conftest.c:13:28: fatal error: ac_nonexistent.h: No such file or directory
compilation terminated.
configure:9427: $? = 1
configure: failed program was:
| /* confdefs.h */
| #define PACKAGE_NAME "netCDF"
| #define PACKAGE_TARNAME "netcdf"
| #define PACKAGE_VERSION "3.6.2"
| #define PACKAGE_STRING "netCDF 3.6.2"
| #define PACKAGE_BUGREPORT "support@unidata.ucar.edu"
| #define PACKAGE_URL ""
| #define PACKAGE "netcdf"
| #define VERSION "3.6.2"
| #define USE_EXTREME_NUMBERS 1
| #define TEMP_LARGE $TEMP_LARGE
| /* end confdefs.h.  */
| #include <ac_nonexistent.h>
configure:9452: result: cc -E
configure:9472: cc -E  conftest.c
configure:9472: $? = 0
configure:9486: cc -E  conftest.c
conftest.c:13:28: fatal error: ac_nonexistent.h: No such file or directory
compilation terminated.
configure:9486: $? = 1
configure: failed program was:
| /* confdefs.h */
| #define PACKAGE_NAME "netCDF"
| #define PACKAGE_TARNAME "netcdf"
| #define PACKAGE_VERSION "3.6.2"
| #define PACKAGE_STRING "netCDF 3.6.2"
| #define PACKAGE_BUGREPORT "support@unidata.ucar.edu"
| #define PACKAGE_URL ""
| #define PACKAGE "netcdf"
| #define VERSION "3.6.2"
| #define USE_EXTREME_NUMBERS 1
| #define TEMP_LARGE $TEMP_LARGE
| /* end confdefs.h.  */
| #include <ac_nonexistent.h>
configure:9515: checking for ANSI C header files
configure:9535: cc -c -g -O2  conftest.c >&5
configure:9535: $? = 0
configure:9608: cc -o conftest -g -O2   conftest.c  >&5
configure:9608: $? = 0
configure:9608: ./conftest
configure:9608: $? = 0
configure:9619: result: yes
configure:9632: checking for sys/types.h
configure:9632: cc -c -g -O2  conftest.c >&5
configure:9632: $? = 0
configure:9632: result: yes
configure:9632: checking for sys/stat.h
configure:9632: cc -c -g -O2  conftest.c >&5
configure:9632: $? = 0
configure:9632: result: yes
configure:9632: checking for stdlib.h
configure:9632: cc -c -g -O2  conftest.c >&5
configure:9632: $? = 0
configure:9632: result: yes
configure:9632: checking for string.h
configure:9632: cc -c -g -O2  conftest.c >&5
configure:9632: $? = 0
configure:9632: result: yes
configure:9632: checking for memory.h
configure:9632: cc -c -g -O2  conftest.c >&5
configure:9632: $? = 0
configure:9632: result: yes
configure:9632: checking for strings.h
configure:9632: cc -c -g -O2  conftest.c >&5
configure:9632: $? = 0
configure:9632: result: yes
configure:9632: checking for inttypes.h
configure:9632: cc -c -g -O2  conftest.c >&5
configure:9632: $? = 0
configure:9632: result: yes
configure:9632: checking for stdint.h
configure:9632: cc -c -g -O2  conftest.c >&5
configure:9632: $? = 0
configure:9632: result: yes
configure:9632: checking for unistd.h
configure:9632: cc -c -g -O2  conftest.c >&5
configure:9632: $? = 0
configure:9632: result: yes
configure:9646: checking for dlfcn.h
configure:9646: cc -c -g -O2  conftest.c >&5
configure:9646: $? = 0
configure:9646: result: yes
configure:9771: checking for C++ compiler version
configure:9780: c++ --version >&5
c++ (Ubuntu 5.4.0-6ubuntu1~16.04.4) 5.4.0 20160609
Copyright (C) 2015 Free Software Foundation, Inc.
This is free software; see the source for copying conditions.  There is NO
warranty; not even for MERCHANTABILITY or FITNESS FOR A PARTICULAR PURPOSE.

configure:9791: $? = 0
configure:9780: c++ -v >&5
Using built-in specs.
COLLECT_GCC=c++
COLLECT_LTO_WRAPPER=/usr/lib/gcc/x86_64-linux-gnu/5/lto-wrapper
Target: x86_64-linux-gnu
Configured with: ../src/configure -v --with-pkgversion='Ubuntu 5.4.0-6ubuntu1~16.04.4' --with-bugurl=file:///usr/share/doc/gcc-5/README.Bugs --enable-languages=c,ada,c++,java,go,d,fortran,objc,obj-c++ --prefix=/usr --program-suffix=-5 --enable-shared --enable-linker-build-id --libexecdir=/usr/lib --without-included-gettext --enable-threads=posix --libdir=/usr/lib --enable-nls --with-sysroot=/ --enable-clocale=gnu --enable-libstdcxx-debug --enable-libstdcxx-time=yes --with-default-libstdcxx-abi=new --enable-gnu-unique-object --disable-vtable-verify --enable-libmpx --enable-plugin --with-system-zlib --disable-browser-plugin --enable-java-awt=gtk --enable-gtk-cairo --with-java-home=/usr/lib/jvm/java-1.5.0-gcj-5-amd64/jre --enable-java-home --with-jvm-root-dir=/usr/lib/jvm/java-1.5.0-gcj-5-amd64 --with-jvm-jar-dir=/usr/lib/jvm-exports/java-1.5.0-gcj-5-amd64 --with-arch-directory=amd64 --with-ecj-jar=/usr/share/java/eclipse-ecj.jar --enable-objc-gc --enable-multiarch --disable-werror --with-arch-32=i686 --with-abi=m64 --with-multilib-list=m32,m64,mx32 --enable-multilib --with-tune=generic --enable-checking=release --build=x86_64-linux-gnu --host=x86_64-linux-gnu --target=x86_64-linux-gnu
Thread model: posix
gcc version 5.4.0 20160609 (Ubuntu 5.4.0-6ubuntu1~16.04.4) 
configure:9791: $? = 0
configure:9780: c++ -V >&5
c++: error: unrecognized command line option '-V'
c++: fatal error: no input files
compilation terminated.
configure:9791: $? = 1
configure:9780: c++ -qversion >&5
c++: error: unrecognized command line option '-qversion'
c++: fatal error: no input files
compilation terminated.
configure:9791: $? = 1
configure:9795: checking whether we are using the GNU C++ compiler
configure:9823: result: yes
configure:9832: checking whether c++ accepts -g
configure:9893: result: yes
configure:9918: checking dependency style of c++
configure:10028: result: gcc3
configure:10051: checking how to run the C++ preprocessor
configure:10078: c++ -E  conftest.cpp
configure:10078: $? = 0
configure:10092: c++ -E  conftest.cpp
conftest.cpp:24:28: fatal error: ac_nonexistent.h: No such file or directory
compilation terminated.
configure:10092: $? = 1
configure: failed program was:
| /* confdefs.h */
| #define PACKAGE_NAME "netCDF"
| #define PACKAGE_TARNAME "netcdf"
| #define PACKAGE_VERSION "3.6.2"
| #define PACKAGE_STRING "netCDF 3.6.2"
| #define PACKAGE_BUGREPORT "support@unidata.ucar.edu"
| #define PACKAGE_URL ""
| #define PACKAGE "netcdf"
| #define VERSION "3.6.2"
| #define USE_EXTREME_NUMBERS 1
| #define TEMP_LARGE $TEMP_LARGE
| #define STDC_HEADERS 1
| #define HAVE_SYS_TYPES_H 1
| #define HAVE_SYS_STAT_H 1
| #define HAVE_STDLIB_H 1
| #define HAVE_STRING_H 1
| #define HAVE_MEMORY_H 1
| #define HAVE_STRINGS_H 1
| #define HAVE_INTTYPES_H 1
| #define HAVE_STDINT_H 1
| #define HAVE_UNISTD_H 1
| #define HAVE_DLFCN_H 1
| /* end confdefs.h.  */
| #include <ac_nonexistent.h>
configure:10117: result: c++ -E
configure:10137: c++ -E  conftest.cpp
configure:10137: $? = 0
configure:10151: c++ -E  conftest.cpp
conftest.cpp:24:28: fatal error: ac_nonexistent.h: No such file or directory
compilation terminated.
configure:10151: $? = 1
configure: failed program was:
| /* confdefs.h */
| #define PACKAGE_NAME "netCDF"
| #define PACKAGE_TARNAME "netcdf"
| #define PACKAGE_VERSION "3.6.2"
| #define PACKAGE_STRING "netCDF 3.6.2"
| #define PACKAGE_BUGREPORT "support@unidata.ucar.edu"
| #define PACKAGE_URL ""
| #define PACKAGE "netcdf"
| #define VERSION "3.6.2"
| #define USE_EXTREME_NUMBERS 1
| #define TEMP_LARGE $TEMP_LARGE
| #define STDC_HEADERS 1
| #define HAVE_SYS_TYPES_H 1
| #define HAVE_SYS_STAT_H 1
| #define HAVE_STDLIB_H 1
| #define HAVE_STRING_H 1
| #define HAVE_MEMORY_H 1
| #define HAVE_STRINGS_H 1
| #define HAVE_INTTYPES_H 1
| #define HAVE_STDINT_H 1
| #define HAVE_UNISTD_H 1
| #define HAVE_DLFCN_H 1
| /* end confdefs.h.  */
| #include <ac_nonexistent.h>
configure:10292: checking for Fortran 77 compiler version
configure:10301: gfortran --version >&5
GNU Fortran (Ubuntu 5.4.0-6ubuntu1~16.04.4) 5.4.0 20160609
Copyright (C) 2015 Free Software Foundation, Inc.

GNU Fortran comes with NO WARRANTY, to the extent permitted by law.
You may redistribute copies of GNU Fortran
under the terms of the GNU General Public License.
For more information about these matters, see the file named COPYING

configure:10312: $? = 0
configure:10301: gfortran -v >&5
Using built-in specs.
COLLECT_GCC=gfortran
COLLECT_LTO_WRAPPER=/usr/lib/gcc/x86_64-linux-gnu/5/lto-wrapper
Target: x86_64-linux-gnu
Configured with: ../src/configure -v --with-pkgversion='Ubuntu 5.4.0-6ubuntu1~16.04.4' --with-bugurl=file:///usr/share/doc/gcc-5/README.Bugs --enable-languages=c,ada,c++,java,go,d,fortran,objc,obj-c++ --prefix=/usr --program-suffix=-5 --enable-shared --enable-linker-build-id --libexecdir=/usr/lib --without-included-gettext --enable-threads=posix --libdir=/usr/lib --enable-nls --with-sysroot=/ --enable-clocale=gnu --enable-libstdcxx-debug --enable-libstdcxx-time=yes --with-default-libstdcxx-abi=new --enable-gnu-unique-object --disable-vtable-verify --enable-libmpx --enable-plugin --with-system-zlib --disable-browser-plugin --enable-java-awt=gtk --enable-gtk-cairo --with-java-home=/usr/lib/jvm/java-1.5.0-gcj-5-amd64/jre --enable-java-home --with-jvm-root-dir=/usr/lib/jvm/java-1.5.0-gcj-5-amd64 --with-jvm-jar-dir=/usr/lib/jvm-exports/java-1.5.0-gcj-5-amd64 --with-arch-directory=amd64 --with-ecj-jar=/usr/share/java/eclipse-ecj.jar --enable-objc-gc --enable-multiarch --disable-werror --with-arch-32=i686 --with-abi=m64 --with-multilib-list=m32,m64,mx32 --enable-multilib --with-tune=generic --enable-checking=release --build=x86_64-linux-gnu --host=x86_64-linux-gnu --target=x86_64-linux-gnu
Thread model: posix
gcc version 5.4.0 20160609 (Ubuntu 5.4.0-6ubuntu1~16.04.4) 
configure:10312: $? = 0
configure:10301: gfortran -V >&5
gfortran: error: unrecognized command line option '-V'
gfortran: fatal error: no input files
compilation terminated.
configure:10312: $? = 1
configure:10301: gfortran -qversion >&5
gfortran: error: unrecognized command line option '-qversion'
gfortran: fatal error: no input files
compilation terminated.
configure:10312: $? = 1
configure:10321: checking whether we are using the GNU Fortran 77 compiler
configure:10343: result: yes
configure:10349: checking whether gfortran accepts -g
configure:10368: result: yes
configure:10511: checking for Fortran compiler version
configure:10520: gfortran --version >&5
GNU Fortran (Ubuntu 5.4.0-6ubuntu1~16.04.4) 5.4.0 20160609
Copyright (C) 2015 Free Software Foundation, Inc.

GNU Fortran comes with NO WARRANTY, to the extent permitted by law.
You may redistribute copies of GNU Fortran
under the terms of the GNU General Public License.
For more information about these matters, see the file named COPYING

configure:10531: $? = 0
configure:10520: gfortran -v >&5
Using built-in specs.
COLLECT_GCC=gfortran
COLLECT_LTO_WRAPPER=/usr/lib/gcc/x86_64-linux-gnu/5/lto-wrapper
Target: x86_64-linux-gnu
Configured with: ../src/configure -v --with-pkgversion='Ubuntu 5.4.0-6ubuntu1~16.04.4' --with-bugurl=file:///usr/share/doc/gcc-5/README.Bugs --enable-languages=c,ada,c++,java,go,d,fortran,objc,obj-c++ --prefix=/usr --program-suffix=-5 --enable-shared --enable-linker-build-id --libexecdir=/usr/lib --without-included-gettext --enable-threads=posix --libdir=/usr/lib --enable-nls --with-sysroot=/ --enable-clocale=gnu --enable-libstdcxx-debug --enable-libstdcxx-time=yes --with-default-libstdcxx-abi=new --enable-gnu-unique-object --disable-vtable-verify --enable-libmpx --enable-plugin --with-system-zlib --disable-browser-plugin --enable-java-awt=gtk --enable-gtk-cairo --with-java-home=/usr/lib/jvm/java-1.5.0-gcj-5-amd64/jre --enable-java-home --with-jvm-root-dir=/usr/lib/jvm/java-1.5.0-gcj-5-amd64 --with-jvm-jar-dir=/usr/lib/jvm-exports/java-1.5.0-gcj-5-amd64 --with-arch-directory=amd64 --with-ecj-jar=/usr/share/java/eclipse-ecj.jar --enable-objc-gc --enable-multiarch --disable-werror --with-arch-32=i686 --with-abi=m64 --with-multilib-list=m32,m64,mx32 --enable-multilib --with-tune=generic --enable-checking=release --build=x86_64-linux-gnu --host=x86_64-linux-gnu --target=x86_64-linux-gnu
Thread model: posix
gcc version 5.4.0 20160609 (Ubuntu 5.4.0-6ubuntu1~16.04.4) 
configure:10531: $? = 0
configure:10520: gfortran -V >&5
gfortran: error: unrecognized command line option '-V'
gfortran: fatal error: no input files
compilation terminated.
configure:10531: $? = 1
configure:10520: gfortran -qversion >&5
gfortran: error: unrecognized command line option '-qversion'
gfortran: fatal error: no input files
compilation terminated.
configure:10531: $? = 1
configure:10540: checking whether we are using the GNU Fortran compiler
configure:10562: result: yes
configure:10568: checking whether gfortran accepts -g
configure:10587: result: yes
configure:10762: checking for objdir
configure:10777: result: .libs
configure:11069: checking if cc supports -fno-rtti -fno-exceptions
configure:11087: cc -c -g -O2  -fno-rtti -fno-exceptions conftest.c >&5
cc1: warning: command line option '-fno-rtti' is valid for C++/ObjC++ but not for C
configure:11091: $? = 0
configure:11104: result: no
configure:11124: checking for cc option to produce PIC
configure:11396: result: -fPIC -DPIC
configure:11408: checking if cc PIC flag -fPIC -DPIC works
configure:11426: cc -c -g -O2  -fPIC -DPIC -DPIC conftest.c >&5
configure:11430: $? = 0
configure:11443: result: yes
configure:11467: checking if cc static flag -static works
configure:11495: result: yes
configure:11510: checking if cc supports -c -o file.o
configure:11531: cc -c -g -O2  -o out/conftest2.o conftest.c >&5
configure:11535: $? = 0
configure:11557: result: yes
configure:11565: checking if cc supports -c -o file.o
configure:11612: result: yes
configure:11645: checking whether the cc linker (/usr/bin/ld -m elf_x86_64) supports shared libraries
configure:12631: result: yes
configure:12870: checking dynamic linker characteristics
configure:13303: cc -o conftest -g -O2   -Wl,-rpath -Wl,/foo conftest.c  >&5
configure:13303: $? = 0
configure:13524: result: GNU/Linux ld.so
configure:13626: checking how to hardcode library paths into programs
configure:13651: result: immediate
configure:14171: checking whether stripping libraries is possible
configure:14176: result: yes
configure:14211: checking if libtool supports shared libraries
configure:14213: result: yes
configure:14216: checking whether to build shared libraries
configure:14237: result: no
configure:14240: checking whether to build static libraries
configure:14244: result: yes
configure:14394: checking for ld used by c++
configure:14461: result: /usr/bin/ld -m elf_x86_64
configure:14468: checking if the linker (/usr/bin/ld -m elf_x86_64) is GNU ld
configure:14483: result: yes
configure:14538: checking whether the c++ linker (/usr/bin/ld -m elf_x86_64) supports shared libraries
configure:15451: result: yes
configure:15479: c++ -c -g -O2  conftest.cpp >&5
configure:15482: $? = 0
configure:15664: checking for c++ option to produce PIC
configure:15981: result: -fPIC -DPIC
configure:15990: checking if c++ PIC flag -fPIC -DPIC works
configure:16008: c++ -c -g -O2  -fPIC -DPIC -DPIC conftest.cpp >&5
configure:16012: $? = 0
configure:16025: result: yes
configure:16046: checking if c++ static flag -static works
configure:16074: result: yes
configure:16086: checking if c++ supports -c -o file.o
configure:16107: c++ -c -g -O2  -o out/conftest2.o conftest.cpp >&5
configure:16111: $? = 0
configure:16133: result: yes
configure:16138: checking if c++ supports -c -o file.o
configure:16185: result: yes
configure:16215: checking whether the c++ linker (/usr/bin/ld -m elf_x86_64) supports shared libraries
configure:16241: result: yes
configure:16378: checking dynamic linker characteristics
configure:16759: c++ -o conftest -g -O2   -Wl,-rpath -Wl,/foo conftest.cpp  >&5
configure:16759: $? = 0
configure:16980: result: GNU/Linux ld.so
configure:17031: checking how to hardcode library paths into programs
configure:17056: result: immediate
configure:17197: checking if libtool supports shared libraries
configure:17199: result: yes
configure:17202: checking whether to build shared libraries
configure:17222: result: no
configure:17225: checking whether to build static libraries
configure:17229: result: yes
configure:17243: checking for gfortran option to produce PIC
configure:17515: result: -fPIC
configure:17524: checking if gfortran PIC flag -fPIC works
configure:17542: gfortran -c -g -O2 -fPIC conftest.f >&5
configure:17546: $? = 0
configure:17559: result: yes
configure:17580: checking if gfortran static flag -static works
configure:17608: result: yes
configure:17620: checking if gfortran supports -c -o file.o
configure:17641: gfortran -c -g -O2 -o out/conftest2.o conftest.f >&5
configure:17645: $? = 0
configure:17667: result: yes
configure:17672: checking if gfortran supports -c -o file.o
configure:17719: result: yes
configure:17749: checking whether the gfortran linker (/usr/bin/ld -m elf_x86_64) supports shared libraries
configure:18722: result: yes
configure:18859: checking dynamic linker characteristics
configure:19234: gfortran -o conftest -g -O2  -Wl,-rpath -Wl,/foo conftest.f  >&5
configure:19234: $? = 0
configure:19455: result: GNU/Linux ld.so
configure:19506: checking how to hardcode library paths into programs
configure:19531: result: immediate
configure:19667: checking if libtool supports shared libraries
configure:19669: result: yes
configure:19672: checking whether to build shared libraries
configure:19692: result: no
configure:19695: checking whether to build static libraries
configure:19699: result: yes
configure:19725: gfortran -c -g -O2  conftest.f90 >&5
configure:19728: $? = 0
configure:19838: checking for gfortran option to produce PIC
configure:20110: result: -fPIC
configure:20119: checking if gfortran PIC flag -fPIC works
configure:20137: gfortran -c -g -O2 -fPIC  conftest.f90 >&5
configure:20141: $? = 0
configure:20154: result: yes
configure:20175: checking if gfortran static flag -static works
configure:20203: result: yes
configure:20215: checking if gfortran supports -c -o file.o
configure:20236: gfortran -c -g -O2 -o out/conftest2.o  conftest.f90 >&5
configure:20240: $? = 0
configure:20262: result: yes
configure:20267: checking if gfortran supports -c -o file.o
configure:20314: result: yes
configure:20344: checking whether the gfortran linker (/usr/bin/ld -m elf_x86_64) supports shared libraries
configure:21317: result: yes
configure:21454: checking dynamic linker characteristics
configure:21829: gfortran -o conftest -g -O2  -Wl,-rpath -Wl,/foo  conftest.f90  >&5
configure:21829: $? = 0
configure:22050: result: GNU/Linux ld.so
configure:22101: checking how to hardcode library paths into programs
configure:22126: result: immediate
configure:22174: finding other utilities
configure:22180: trying to set fortran flags for this platform
configure:22217: trying to set flags for this platform
configure:22222: checking if _HPUX_SOURCE should be set
configure:22236: result: no
configure:22241: checking if Solaris -Xa option is needed
configure:22254: result: CFLAGS=-g -O2
configure:22259: trying to set fortran 90 flags for this platform
configure:22262: checking if we need to add to FFLAGS for ifort compiler
configure:22270: result: FFLAGS=-g -O2
configure:22280: checking if we need to set _LARGE_FILES despite results of previous tests
configure:22305: result: _LARGE_FILES=
configure:22315: checking for special C compiler options needed for large files
configure:22360: result: no
configure:22366: checking for _FILE_OFFSET_BITS value needed for large files
configure:22391: cc -c -g -O2  conftest.c >&5
configure:22391: $? = 0
configure:22423: result: no
configure:22509: displaying some results
configure:22515: checking CPPFLAGS
configure:22517: result: 
configure:22519: checking CC CFLAGS
configure:22521: result: cc -g -O2
configure:22524: checking type cc
configure:22526: result: cc is /usr/bin/cc
configure:22529: checking CXX
configure:22532: result: c++
configure:22534: checking CXXFLAGS
configure:22536: result: -g -O2
configure:22539: checking type c++
configure:22541: result: c++ is /usr/bin/c++
configure:22548: checking FC
configure:22551: result: gfortran
configure:22553: checking FFLAGS
configure:22555: result: -g -O2
configure:22558: checking type gfortran
configure:22560: result: gfortran is /usr/bin/gfortran
configure:22567: checking F90
configure:22570: result: gfortran
configure:22572: checking F90FLAGS
configure:22574: result: 
configure:22577: checking type gfortran
configure:22579: result: gfortran is /usr/bin/gfortran
configure:22586: checking AR
configure:22589: result: ar
configure:22591: checking ARFLAGS
configure:22593: result: 
configure:22596: checking type ar
configure:22598: result: ar is /usr/bin/ar
configure:22605: checking NM
configure:22608: result: /usr/bin/nm -B
configure:22610: checking NMFLAGS
configure:22612: result: 
configure:22679: checking for /usr/bin/nm
configure:22706: result: /usr/bin/nm -B
configure:22719: checking nm flags
configure:22724: result: 
configure:22736: checking for C-equivalent to Fortran routine "SUB"
configure:22743: gfortran -c -g -O2  conftest.f
configure:22746: $? = 0
configure:22756: result: sub_
configure:22776: checking for Fortran "byte"
configure:22784: gfortran -c -g -O2  conftest.f
configure:22787: $? = 0
configure:22789: result: yes
configure:22807: checking for Fortran "integer*2"
configure:22815: gfortran -c -g -O2  conftest.f
configure:22818: $? = 0
configure:22820: result: yes
configure:22847: checking if Fortran "byte" is C "signed char"
configure:22857: cc -c  -g -O2  conftest.c
conftest.c: In function 'sub_':
conftest.c:4:3: warning: implicit declaration of function 'exit' [-Wimplicit-function-declaration]
   exit(values[1] != -2 || values[2] != -3);
   ^
conftest.c:4:3: warning: incompatible implicit declaration of built-in function 'exit'
conftest.c:4:3: note: include '<stdlib.h>' or provide a declaration of 'exit'
configure:22860: $? = 0
configure:22863: gfortran -g -O2  -c conftestf.f
configure:22866: $? = 0
configure:22869: gfortran -o conftest -g -O2   conftestf.o conftest.o  
configure:22872: $? = 0
configure:22875: ./conftest
configure:22878: $? = 0
configure:22880: result: yes
configure:22914: checking if Fortran "byte" is C "short"
configure:22924: cc -c  -g -O2  conftest.c
conftest.c: In function 'sub_':
conftest.c:4:3: warning: implicit declaration of function 'exit' [-Wimplicit-function-declaration]
   exit(values[1] != -2 || values[2] != -3);
   ^
conftest.c:4:3: warning: incompatible implicit declaration of built-in function 'exit'
conftest.c:4:3: note: include '<stdlib.h>' or provide a declaration of 'exit'
configure:22927: $? = 0
configure:22930: gfortran -g -O2  -c conftestf.f
configure:22933: $? = 0
configure:22936: gfortran -o conftest -g -O2   conftestf.o conftest.o  
configure:22939: $? = 0
configure:22942: ./conftest
configure:22945: $? = 1
configure:22958: result: no
configure:22981: checking if Fortran "byte" is C "int"
configure:22991: cc -c  -g -O2  conftest.c
conftest.c: In function 'sub_':
conftest.c:4:3: warning: implicit declaration of function 'exit' [-Wimplicit-function-declaration]
   exit(values[1] != -2 || values[2] != -3);
   ^
conftest.c:4:3: warning: incompatible implicit declaration of built-in function 'exit'
conftest.c:4:3: note: include '<stdlib.h>' or provide a declaration of 'exit'
configure:22994: $? = 0
configure:22997: gfortran -g -O2  -c conftestf.f
configure:23000: $? = 0
configure:23003: gfortran -o conftest -g -O2   conftestf.o conftest.o  
configure:23006: $? = 0
configure:23009: ./conftest
configure:23012: $? = 1
configure:23025: result: no
configure:23048: checking if Fortran "byte" is C "long"
configure:23058: cc -c  -g -O2  conftest.c
conftest.c: In function 'sub_':
conftest.c:4:3: warning: implicit declaration of function 'exit' [-Wimplicit-function-declaration]
   exit(values[1] != -2 || values[2] != -3);
   ^
conftest.c:4:3: warning: incompatible implicit declaration of built-in function 'exit'
conftest.c:4:3: note: include '<stdlib.h>' or provide a declaration of 'exit'
configure:23061: $? = 0
configure:23064: gfortran -g -O2  -c conftestf.f
configure:23067: $? = 0
configure:23070: gfortran -o conftest -g -O2   conftestf.o conftest.o  
configure:23073: $? = 0
configure:23076: ./conftest
configure:23079: $? = 1
configure:23092: result: no
configure:23119: checking if Fortran "integer*2" is C "short"
configure:23129: cc -c  -g -O2  conftest.c
conftest.c: In function 'sub_':
conftest.c:4:3: warning: implicit declaration of function 'exit' [-Wimplicit-function-declaration]
   exit(values[1] != -2 || values[2] != -3);
   ^
conftest.c:4:3: warning: incompatible implicit declaration of built-in function 'exit'
conftest.c:4:3: note: include '<stdlib.h>' or provide a declaration of 'exit'
configure:23132: $? = 0
configure:23135: gfortran -g -O2  -c conftestf.f
configure:23138: $? = 0
configure:23141: gfortran -o conftest -g -O2   conftestf.o conftest.o  
configure:23144: $? = 0
configure:23147: ./conftest
configure:23150: $? = 0
configure:23152: result: yes
configure:23186: checking if Fortran "integer*2" is C "int"
configure:23196: cc -c  -g -O2  conftest.c
conftest.c: In function 'sub_':
conftest.c:4:3: warning: implicit declaration of function 'exit' [-Wimplicit-function-declaration]
   exit(values[1] != -2 || values[2] != -3);
   ^
conftest.c:4:3: warning: incompatible implicit declaration of built-in function 'exit'
conftest.c:4:3: note: include '<stdlib.h>' or provide a declaration of 'exit'
configure:23199: $? = 0
configure:23202: gfortran -g -O2  -c conftestf.f
configure:23205: $? = 0
configure:23208: gfortran -o conftest -g -O2   conftestf.o conftest.o  
configure:23211: $? = 0
configure:23214: ./conftest
configure:23217: $? = 1
configure:23230: result: no
configure:23253: checking if Fortran "integer*2" is C "long"
configure:23263: cc -c  -g -O2  conftest.c
conftest.c: In function 'sub_':
conftest.c:4:3: warning: implicit declaration of function 'exit' [-Wimplicit-function-declaration]
   exit(values[1] != -2 || values[2] != -3);
   ^
conftest.c:4:3: warning: incompatible implicit declaration of built-in function 'exit'
conftest.c:4:3: note: include '<stdlib.h>' or provide a declaration of 'exit'
configure:23266: $? = 0
configure:23269: gfortran -g -O2  -c conftestf.f
configure:23272: $? = 0
configure:23275: gfortran -o conftest -g -O2   conftestf.o conftest.o  
configure:23278: $? = 0
configure:23281: ./conftest
configure:23284: $? = 1
configure:23297: result: no
configure:23322: checking if Fortran "integer" is C "int"
configure:23332: cc -c  -g -O2  conftest.c
conftest.c: In function 'sub_':
conftest.c:4:3: warning: implicit declaration of function 'exit' [-Wimplicit-function-declaration]
   exit(values[1] != -2 || values[2] != -3);
   ^
conftest.c:4:3: warning: incompatible implicit declaration of built-in function 'exit'
conftest.c:4:3: note: include '<stdlib.h>' or provide a declaration of 'exit'
configure:23335: $? = 0
configure:23338: gfortran -g -O2  -c conftestf.f
configure:23341: $? = 0
configure:23344: gfortran -o conftest -g -O2   conftestf.o conftest.o  
configure:23347: $? = 0
configure:23350: ./conftest
configure:23353: $? = 0
configure:23355: result: yes
configure:23389: checking if Fortran "real" is C "float"
configure:23399: cc -c  -g -O2  conftest.c
conftest.c: In function 'sub_':
conftest.c:4:3: warning: implicit declaration of function 'exit' [-Wimplicit-function-declaration]
   exit(values[1] != -2 || values[2] != -3);
   ^
conftest.c:4:3: warning: incompatible implicit declaration of built-in function 'exit'
conftest.c:4:3: note: include '<stdlib.h>' or provide a declaration of 'exit'
configure:23402: $? = 0
configure:23405: gfortran -g -O2  -c conftestf.f
configure:23408: $? = 0
configure:23411: gfortran -o conftest -g -O2   conftestf.o conftest.o  
configure:23414: $? = 0
configure:23417: ./conftest
configure:23420: $? = 0
configure:23422: result: yes
configure:23456: checking if Fortran "doubleprecision" is C "double"
configure:23466: cc -c  -g -O2  conftest.c
conftest.c: In function 'sub_':
conftest.c:4:3: warning: implicit declaration of function 'exit' [-Wimplicit-function-declaration]
   exit(values[1] != -2 || values[2] != -3);
   ^
conftest.c:4:3: warning: incompatible implicit declaration of built-in function 'exit'
conftest.c:4:3: note: include '<stdlib.h>' or provide a declaration of 'exit'
configure:23469: $? = 0
configure:23472: gfortran -g -O2  -c conftestf.f
configure:23475: $? = 0
configure:23478: gfortran -o conftest -g -O2   conftestf.o conftest.o  
configure:23481: $? = 0
configure:23484: ./conftest
configure:23487: $? = 0
configure:23489: result: yes
configure:23517: checking for Fortran-equivalent to netCDF "byte"
configure:23525: gfortran -c -g -O2  conftest.f
configure:23528: $? = 0
configure:23539: result: byte
configure:23545: checking for Fortran-equivalent to netCDF "short"
configure:23553: gfortran -c -g -O2  conftest.f
configure:23556: $? = 0
configure:23567: result: integer*2
configure:23614: checking if Fortran 90 compiler capitalizes .mod filenames
configure:23621: gfortran  conftest.f90 >&5
/usr/lib/gcc/x86_64-linux-gnu/5/../../../x86_64-linux-gnu/crt1.o: In function `_start':
(.text+0x20): undefined reference to `main'
collect2: error: ld returned 1 exit status
configure:23624: $? = 1
configure:23631: result: no
configure:23652: checking types, headers, and functions
configure:23655: checking for stdlib.h
configure:23655: result: yes
configure:23665: checking for sys/types.h
configure:23665: result: yes
configure:23680: checking for strlcat
configure:23680: cc -o conftest -g -O2   conftest.c  >&5
/tmp/ccPHreSu.o: In function `main':
/home/simon/gotm-da/netcdf-3.6.2/conftest.c:69: undefined reference to `strlcat'
collect2: error: ld returned 1 exit status
configure:23680: $? = 1
configure: failed program was:
| /* confdefs.h */
| #define PACKAGE_NAME "netCDF"
| #define PACKAGE_TARNAME "netcdf"
| #define PACKAGE_VERSION "3.6.2"
| #define PACKAGE_STRING "netCDF 3.6.2"
| #define PACKAGE_BUGREPORT "support@unidata.ucar.edu"
| #define PACKAGE_URL ""
| #define PACKAGE "netcdf"
| #define VERSION "3.6.2"
| #define USE_EXTREME_NUMBERS 1
| #define TEMP_LARGE $TEMP_LARGE
| #define STDC_HEADERS 1
| #define HAVE_SYS_TYPES_H 1
| #define HAVE_SYS_STAT_H 1
| #define HAVE_STDLIB_H 1
| #define HAVE_STRING_H 1
| #define HAVE_MEMORY_H 1
| #define HAVE_STRINGS_H 1
| #define HAVE_INTTYPES_H 1
| #define HAVE_STDINT_H 1
| #define HAVE_UNISTD_H 1
| #define HAVE_DLFCN_H 1
| #define LT_OBJDIR ".libs/"
| #define gFortran 1
| #define NF_INT1_T byte
| #define NF_INT2_T integer*2
| #define NF_INT1_IS_C_SIGNED_CHAR 1
| #define NF_INT2_IS_C_SHORT 1
| #define NF_INT_IS_C_INT 1
| #define NF_REAL_IS_C_FLOAT 1
| #define NF_DOUBLEPRECISION_IS_C_DOUBLE 1
| #define NCBYTE_T byte
| #define NCSHORT_T integer*2
| /* end confdefs.h.  */
| /* Define strlcat to an innocuous variant, in case <limits.h> declares strlcat.
|    For example, HP-UX 11i <limits.h> declares gettimeofday.  */
| #define strlcat innocuous_strlcat
| 
| /* System header to define __stub macros and hopefully few prototypes,
|     which can conflict with char strlcat (); below.
|     Prefer <limits.h> to <assert.h> if __STDC__ is defined, since
|     <limits.h> exists even on freestanding compilers.  */
| 
| #ifdef __STDC__
| # include <limits.h>
| #else
| # include <assert.h>
| #endif
| 
| #undef strlcat
| 
| /* Override any GCC internal prototype to avoid an error.
|    Use char because int might match the return type of a GCC
|    builtin and then its argument prototype would still apply.  */
| #ifdef __cplusplus
| extern "C"
| #endif
| char strlcat ();
| /* The GNU C library defines this for functions which it implements
|     to always fail with ENOSYS.  Some functions are actually named
|     something starting with __ and the normal name is an alias.  */
| #if defined __stub_strlcat || defined __stub___strlcat
| choke me
| #endif
| 
| int
| main ()
| {
| return strlcat ();
|   ;
|   return 0;
| }
configure:23680: result: no
configure:23680: checking for strerror
configure:23680: cc -o conftest -g -O2   conftest.c  >&5
configure:23680: $? = 0
configure:23680: result: yes
configure:23689: checking for size_t
configure:23689: cc -c -g -O2  conftest.c >&5
configure:23689: $? = 0
configure:23689: cc -c -g -O2  conftest.c >&5
conftest.c: In function 'main':
conftest.c:72:21: error: expected expression before ')' token
 if (sizeof ((size_t)))
                     ^
configure:23689: $? = 1
configure: failed program was:
| /* confdefs.h */
| #define PACKAGE_NAME "netCDF"
| #define PACKAGE_TARNAME "netcdf"
| #define PACKAGE_VERSION "3.6.2"
| #define PACKAGE_STRING "netCDF 3.6.2"
| #define PACKAGE_BUGREPORT "support@unidata.ucar.edu"
| #define PACKAGE_URL ""
| #define PACKAGE "netcdf"
| #define VERSION "3.6.2"
| #define USE_EXTREME_NUMBERS 1
| #define TEMP_LARGE $TEMP_LARGE
| #define STDC_HEADERS 1
| #define HAVE_SYS_TYPES_H 1
| #define HAVE_SYS_STAT_H 1
| #define HAVE_STDLIB_H 1
| #define HAVE_STRING_H 1
| #define HAVE_MEMORY_H 1
| #define HAVE_STRINGS_H 1
| #define HAVE_INTTYPES_H 1
| #define HAVE_STDINT_H 1
| #define HAVE_UNISTD_H 1
| #define HAVE_DLFCN_H 1
| #define LT_OBJDIR ".libs/"
| #define gFortran 1
| #define NF_INT1_T byte
| #define NF_INT2_T integer*2
| #define NF_INT1_IS_C_SIGNED_CHAR 1
| #define NF_INT2_IS_C_SHORT 1
| #define NF_INT_IS_C_INT 1
| #define NF_REAL_IS_C_FLOAT 1
| #define NF_DOUBLEPRECISION_IS_C_DOUBLE 1
| #define NCBYTE_T byte
| #define NCSHORT_T integer*2
| #define HAVE_STRERROR 1
| /* end confdefs.h.  */
| #include <stdio.h>
| #ifdef HAVE_SYS_TYPES_H
| # include <sys/types.h>
| #endif
| #ifdef HAVE_SYS_STAT_H
| # include <sys/stat.h>
| #endif
| #ifdef STDC_HEADERS
| # include <stdlib.h>
| # include <stddef.h>
| #else
| # ifdef HAVE_STDLIB_H
| #  include <stdlib.h>
| # endif
| #endif
| #ifdef HAVE_STRING_H
| # if !defined STDC_HEADERS && defined HAVE_MEMORY_H
| #  include <memory.h>
| # endif
| # include <string.h>
| #endif
| #ifdef HAVE_STRINGS_H
| # include <strings.h>
| #endif
| #ifdef HAVE_INTTYPES_H
| # include <inttypes.h>
| #endif
| #ifdef HAVE_STDINT_H
| # include <stdint.h>
| #endif
| #ifdef HAVE_UNISTD_H
| # include <unistd.h>
| #endif
| int
| main ()
| {
| if (sizeof ((size_t)))
| 	    return 0;
|   ;
|   return 0;
| }
configure:23689: result: yes
configure:23702: checking for working alloca.h
configure:23719: cc -o conftest -g -O2   conftest.c  >&5
configure:23719: $? = 0
configure:23727: result: yes
configure:23735: checking for alloca
configure:23772: cc -o conftest -g -O2   conftest.c  >&5
configure:23772: $? = 0
configure:23780: result: yes
configure:23888: checking for struct stat.st_blksize
configure:23888: cc -c -g -O2  conftest.c >&5
configure:23888: $? = 0
configure:23888: result: yes
configure:23902: checking for IEEE floating point format
configure:23940: cc -o conftest -g -O2   conftest.c  >&5
configure:23940: $? = 0
configure:23940: ./conftest
configure:23940: $? = 0
configure:23949: result: yes
configure:23957: checking for size_t
configure:23957: result: yes
configure:23968: checking for off_t
configure:23968: cc -c -g -O2  conftest.c >&5
configure:23968: $? = 0
configure:23968: cc -c -g -O2  conftest.c >&5
conftest.c: In function 'main':
conftest.c:76:20: error: expected expression before ')' token
 if (sizeof ((off_t)))
                    ^
configure:23968: $? = 1
configure: failed program was:
| /* confdefs.h */
| #define PACKAGE_NAME "netCDF"
| #define PACKAGE_TARNAME "netcdf"
| #define PACKAGE_VERSION "3.6.2"
| #define PACKAGE_STRING "netCDF 3.6.2"
| #define PACKAGE_BUGREPORT "support@unidata.ucar.edu"
| #define PACKAGE_URL ""
| #define PACKAGE "netcdf"
| #define VERSION "3.6.2"
| #define USE_EXTREME_NUMBERS 1
| #define TEMP_LARGE $TEMP_LARGE
| #define STDC_HEADERS 1
| #define HAVE_SYS_TYPES_H 1
| #define HAVE_SYS_STAT_H 1
| #define HAVE_STDLIB_H 1
| #define HAVE_STRING_H 1
| #define HAVE_MEMORY_H 1
| #define HAVE_STRINGS_H 1
| #define HAVE_INTTYPES_H 1
| #define HAVE_STDINT_H 1
| #define HAVE_UNISTD_H 1
| #define HAVE_DLFCN_H 1
| #define LT_OBJDIR ".libs/"
| #define gFortran 1
| #define NF_INT1_T byte
| #define NF_INT2_T integer*2
| #define NF_INT1_IS_C_SIGNED_CHAR 1
| #define NF_INT2_IS_C_SHORT 1
| #define NF_INT_IS_C_INT 1
| #define NF_REAL_IS_C_FLOAT 1
| #define NF_DOUBLEPRECISION_IS_C_DOUBLE 1
| #define NCBYTE_T byte
| #define NCSHORT_T integer*2
| #define HAVE_STRERROR 1
| #define HAVE_ALLOCA_H 1
| #define HAVE_ALLOCA 1
| #define HAVE_STRUCT_STAT_ST_BLKSIZE 1
| #define HAVE_ST_BLKSIZE 1
| /* end confdefs.h.  */
| #include <stdio.h>
| #ifdef HAVE_SYS_TYPES_H
| # include <sys/types.h>
| #endif
| #ifdef HAVE_SYS_STAT_H
| # include <sys/stat.h>
| #endif
| #ifdef STDC_HEADERS
| # include <stdlib.h>
| # include <stddef.h>
| #else
| # ifdef HAVE_STDLIB_H
| #  include <stdlib.h>
| # endif
| #endif
| #ifdef HAVE_STRING_H
| # if !defined STDC_HEADERS && defined HAVE_MEMORY_H
| #  include <memory.h>
| # endif
| # include <string.h>
| #endif
| #ifdef HAVE_STRINGS_H
| # include <strings.h>
| #endif
| #ifdef HAVE_INTTYPES_H
| # include <inttypes.h>
| #endif
| #ifdef HAVE_STDINT_H
| # include <stdint.h>
| #endif
| #ifdef HAVE_UNISTD_H
| # include <unistd.h>
| #endif
| int
| main ()
| {
| if (sizeof ((off_t)))
| 	    return 0;
|   ;
|   return 0;
| }
configure:23968: result: yes
configure:23979: checking for ssize_t
configure:23979: cc -c -g -O2  conftest.c >&5
configure:23979: $? = 0
configure:23979: cc -c -g -O2  conftest.c >&5
conftest.c: In function 'main':
conftest.c:76:22: error: expected expression before ')' token
 if (sizeof ((ssize_t)))
                      ^
configure:23979: $? = 1
configure: failed program was:
| /* confdefs.h */
| #define PACKAGE_NAME "netCDF"
| #define PACKAGE_TARNAME "netcdf"
| #define PACKAGE_VERSION "3.6.2"
| #define PACKAGE_STRING "netCDF 3.6.2"
| #define PACKAGE_BUGREPORT "support@unidata.ucar.edu"
| #define PACKAGE_URL ""
| #define PACKAGE "netcdf"
| #define VERSION "3.6.2"
| #define USE_EXTREME_NUMBERS 1
| #define TEMP_LARGE $TEMP_LARGE
| #define STDC_HEADERS 1
| #define HAVE_SYS_TYPES_H 1
| #define HAVE_SYS_STAT_H 1
| #define HAVE_STDLIB_H 1
| #define HAVE_STRING_H 1
| #define HAVE_MEMORY_H 1
| #define HAVE_STRINGS_H 1
| #define HAVE_INTTYPES_H 1
| #define HAVE_STDINT_H 1
| #define HAVE_UNISTD_H 1
| #define HAVE_DLFCN_H 1
| #define LT_OBJDIR ".libs/"
| #define gFortran 1
| #define NF_INT1_T byte
| #define NF_INT2_T integer*2
| #define NF_INT1_IS_C_SIGNED_CHAR 1
| #define NF_INT2_IS_C_SHORT 1
| #define NF_INT_IS_C_INT 1
| #define NF_REAL_IS_C_FLOAT 1
| #define NF_DOUBLEPRECISION_IS_C_DOUBLE 1
| #define NCBYTE_T byte
| #define NCSHORT_T integer*2
| #define HAVE_STRERROR 1
| #define HAVE_ALLOCA_H 1
| #define HAVE_ALLOCA 1
| #define HAVE_STRUCT_STAT_ST_BLKSIZE 1
| #define HAVE_ST_BLKSIZE 1
| /* end confdefs.h.  */
| #include <stdio.h>
| #ifdef HAVE_SYS_TYPES_H
| # include <sys/types.h>
| #endif
| #ifdef HAVE_SYS_STAT_H
| # include <sys/stat.h>
| #endif
| #ifdef STDC_HEADERS
| # include <stdlib.h>
| # include <stddef.h>
| #else
| # ifdef HAVE_STDLIB_H
| #  include <stdlib.h>
| # endif
| #endif
| #ifdef HAVE_STRING_H
| # if !defined STDC_HEADERS && defined HAVE_MEMORY_H
| #  include <memory.h>
| # endif
| # include <string.h>
| #endif
| #ifdef HAVE_STRINGS_H
| # include <strings.h>
| #endif
| #ifdef HAVE_INTTYPES_H
| # include <inttypes.h>
| #endif
| #ifdef HAVE_STDINT_H
| # include <stdint.h>
| #endif
| #ifdef HAVE_UNISTD_H
| # include <unistd.h>
| #endif
| int
| main ()
| {
| if (sizeof ((ssize_t)))
| 	    return 0;
|   ;
|   return 0;
| }
configure:23979: result: yes
configure:23988: checking for ptrdiff_t
configure:23988: cc -c -g -O2  conftest.c >&5
configure:23988: $? = 0
configure:23988: cc -c -g -O2  conftest.c >&5
conftest.c: In function 'main':
conftest.c:77:24: error: expected expression before ')' token
 if (sizeof ((ptrdiff_t)))
                        ^
configure:23988: $? = 1
configure: failed program was:
| /* confdefs.h */
| #define PACKAGE_NAME "netCDF"
| #define PACKAGE_TARNAME "netcdf"
| #define PACKAGE_VERSION "3.6.2"
| #define PACKAGE_STRING "netCDF 3.6.2"
| #define PACKAGE_BUGREPORT "support@unidata.ucar.edu"
| #define PACKAGE_URL ""
| #define PACKAGE "netcdf"
| #define VERSION "3.6.2"
| #define USE_EXTREME_NUMBERS 1
| #define TEMP_LARGE $TEMP_LARGE
| #define STDC_HEADERS 1
| #define HAVE_SYS_TYPES_H 1
| #define HAVE_SYS_STAT_H 1
| #define HAVE_STDLIB_H 1
| #define HAVE_STRING_H 1
| #define HAVE_MEMORY_H 1
| #define HAVE_STRINGS_H 1
| #define HAVE_INTTYPES_H 1
| #define HAVE_STDINT_H 1
| #define HAVE_UNISTD_H 1
| #define HAVE_DLFCN_H 1
| #define LT_OBJDIR ".libs/"
| #define gFortran 1
| #define NF_INT1_T byte
| #define NF_INT2_T integer*2
| #define NF_INT1_IS_C_SIGNED_CHAR 1
| #define NF_INT2_IS_C_SHORT 1
| #define NF_INT_IS_C_INT 1
| #define NF_REAL_IS_C_FLOAT 1
| #define NF_DOUBLEPRECISION_IS_C_DOUBLE 1
| #define NCBYTE_T byte
| #define NCSHORT_T integer*2
| #define HAVE_STRERROR 1
| #define HAVE_ALLOCA_H 1
| #define HAVE_ALLOCA 1
| #define HAVE_STRUCT_STAT_ST_BLKSIZE 1
| #define HAVE_ST_BLKSIZE 1
| #define HAVE_SSIZE_T 1
| /* end confdefs.h.  */
| #include <stdio.h>
| #ifdef HAVE_SYS_TYPES_H
| # include <sys/types.h>
| #endif
| #ifdef HAVE_SYS_STAT_H
| # include <sys/stat.h>
| #endif
| #ifdef STDC_HEADERS
| # include <stdlib.h>
| # include <stddef.h>
| #else
| # ifdef HAVE_STDLIB_H
| #  include <stdlib.h>
| # endif
| #endif
| #ifdef HAVE_STRING_H
| # if !defined STDC_HEADERS && defined HAVE_MEMORY_H
| #  include <memory.h>
| # endif
| # include <string.h>
| #endif
| #ifdef HAVE_STRINGS_H
| # include <strings.h>
| #endif
| #ifdef HAVE_INTTYPES_H
| # include <inttypes.h>
| #endif
| #ifdef HAVE_STDINT_H
| # include <stdint.h>
| #endif
| #ifdef HAVE_UNISTD_H
| # include <unistd.h>
| #endif
| int
| main ()
| {
| if (sizeof ((ptrdiff_t)))
| 	    return 0;
|   ;
|   return 0;
| }
configure:23988: result: yes
configure:23997: checking for uchar
configure:23997: cc -c -g -O2  conftest.c >&5
conftest.c: In function 'main':
conftest.c:78:13: error: 'uchar' undeclared (first use in this function)
 if (sizeof (uchar))
             ^
conftest.c:78:13: note: each undeclared identifier is reported only once for each function it appears in
configure:23997: $? = 1
configure: failed program was:
| /* confdefs.h */
| #define PACKAGE_NAME "netCDF"
| #define PACKAGE_TARNAME "netcdf"
| #define PACKAGE_VERSION "3.6.2"
| #define PACKAGE_STRING "netCDF 3.6.2"
| #define PACKAGE_BUGREPORT "support@unidata.ucar.edu"
| #define PACKAGE_URL ""
| #define PACKAGE "netcdf"
| #define VERSION "3.6.2"
| #define USE_EXTREME_NUMBERS 1
| #define TEMP_LARGE $TEMP_LARGE
| #define STDC_HEADERS 1
| #define HAVE_SYS_TYPES_H 1
| #define HAVE_SYS_STAT_H 1
| #define HAVE_STDLIB_H 1
| #define HAVE_STRING_H 1
| #define HAVE_MEMORY_H 1
| #define HAVE_STRINGS_H 1
| #define HAVE_INTTYPES_H 1
| #define HAVE_STDINT_H 1
| #define HAVE_UNISTD_H 1
| #define HAVE_DLFCN_H 1
| #define LT_OBJDIR ".libs/"
| #define gFortran 1
| #define NF_INT1_T byte
| #define NF_INT2_T integer*2
| #define NF_INT1_IS_C_SIGNED_CHAR 1
| #define NF_INT2_IS_C_SHORT 1
| #define NF_INT_IS_C_INT 1
| #define NF_REAL_IS_C_FLOAT 1
| #define NF_DOUBLEPRECISION_IS_C_DOUBLE 1
| #define NCBYTE_T byte
| #define NCSHORT_T integer*2
| #define HAVE_STRERROR 1
| #define HAVE_ALLOCA_H 1
| #define HAVE_ALLOCA 1
| #define HAVE_STRUCT_STAT_ST_BLKSIZE 1
| #define HAVE_ST_BLKSIZE 1
| #define HAVE_SSIZE_T 1
| #define HAVE_PTRDIFF_T 1
| /* end confdefs.h.  */
| #include <stdio.h>
| #ifdef HAVE_SYS_TYPES_H
| # include <sys/types.h>
| #endif
| #ifdef HAVE_SYS_STAT_H
| # include <sys/stat.h>
| #endif
| #ifdef STDC_HEADERS
| # include <stdlib.h>
| # include <stddef.h>
| #else
| # ifdef HAVE_STDLIB_H
| #  include <stdlib.h>
| # endif
| #endif
| #ifdef HAVE_STRING_H
| # if !defined STDC_HEADERS && defined HAVE_MEMORY_H
| #  include <memory.h>
| # endif
| # include <string.h>
| #endif
| #ifdef HAVE_STRINGS_H
| # include <strings.h>
| #endif
| #ifdef HAVE_INTTYPES_H
| # include <inttypes.h>
| #endif
| #ifdef HAVE_STDINT_H
| # include <stdint.h>
| #endif
| #ifdef HAVE_UNISTD_H
| # include <unistd.h>
| #endif
| int
| main ()
| {
| if (sizeof (uchar))
| 	 return 0;
|   ;
|   return 0;
| }
configure:23997: result: no
configure:24010: checking whether char is unsigned
configure:24029: cc -c -g -O2  conftest.c >&5
configure:24029: $? = 0
configure:24036: result: no
configure:24043: checking whether byte ordering is bigendian
configure:24058: cc -c -g -O2  conftest.c >&5
conftest.c:43:9: error: unknown type name 'not'
         not a universal capable compiler
         ^
conftest.c:43:15: error: expected '=', ',', ';', 'asm' or '__attribute__' before 'universal'
         not a universal capable compiler
               ^
conftest.c:43:15: error: unknown type name 'universal'
configure:24058: $? = 1
configure: failed program was:
| /* confdefs.h */
| #define PACKAGE_NAME "netCDF"
| #define PACKAGE_TARNAME "netcdf"
| #define PACKAGE_VERSION "3.6.2"
| #define PACKAGE_STRING "netCDF 3.6.2"
| #define PACKAGE_BUGREPORT "support@unidata.ucar.edu"
| #define PACKAGE_URL ""
| #define PACKAGE "netcdf"
| #define VERSION "3.6.2"
| #define USE_EXTREME_NUMBERS 1
| #define TEMP_LARGE $TEMP_LARGE
| #define STDC_HEADERS 1
| #define HAVE_SYS_TYPES_H 1
| #define HAVE_SYS_STAT_H 1
| #define HAVE_STDLIB_H 1
| #define HAVE_STRING_H 1
| #define HAVE_MEMORY_H 1
| #define HAVE_STRINGS_H 1
| #define HAVE_INTTYPES_H 1
| #define HAVE_STDINT_H 1
| #define HAVE_UNISTD_H 1
| #define HAVE_DLFCN_H 1
| #define LT_OBJDIR ".libs/"
| #define gFortran 1
| #define NF_INT1_T byte
| #define NF_INT2_T integer*2
| #define NF_INT1_IS_C_SIGNED_CHAR 1
| #define NF_INT2_IS_C_SHORT 1
| #define NF_INT_IS_C_INT 1
| #define NF_REAL_IS_C_FLOAT 1
| #define NF_DOUBLEPRECISION_IS_C_DOUBLE 1
| #define NCBYTE_T byte
| #define NCSHORT_T integer*2
| #define HAVE_STRERROR 1
| #define HAVE_ALLOCA_H 1
| #define HAVE_ALLOCA 1
| #define HAVE_STRUCT_STAT_ST_BLKSIZE 1
| #define HAVE_ST_BLKSIZE 1
| #define HAVE_SSIZE_T 1
| #define HAVE_PTRDIFF_T 1
| /* end confdefs.h.  */
| #ifndef __APPLE_CC__
| 	       not a universal capable compiler
| 	     #endif
| 	     typedef int dummy;
| 
configure:24103: cc -c -g -O2  conftest.c >&5
configure:24103: $? = 0
configure:24121: cc -c -g -O2  conftest.c >&5
conftest.c: In function 'main':
conftest.c:49:4: error: unknown type name 'not'
    not big endian
    ^
conftest.c:49:12: error: expected '=', ',', ';', 'asm' or '__attribute__' before 'endian'
    not big endian
            ^
configure:24121: $? = 1
configure: failed program was:
| /* confdefs.h */
| #define PACKAGE_NAME "netCDF"
| #define PACKAGE_TARNAME "netcdf"
| #define PACKAGE_VERSION "3.6.2"
| #define PACKAGE_STRING "netCDF 3.6.2"
| #define PACKAGE_BUGREPORT "support@unidata.ucar.edu"
| #define PACKAGE_URL ""
| #define PACKAGE "netcdf"
| #define VERSION "3.6.2"
| #define USE_EXTREME_NUMBERS 1
| #define TEMP_LARGE $TEMP_LARGE
| #define STDC_HEADERS 1
| #define HAVE_SYS_TYPES_H 1
| #define HAVE_SYS_STAT_H 1
| #define HAVE_STDLIB_H 1
| #define HAVE_STRING_H 1
| #define HAVE_MEMORY_H 1
| #define HAVE_STRINGS_H 1
| #define HAVE_INTTYPES_H 1
| #define HAVE_STDINT_H 1
| #define HAVE_UNISTD_H 1
| #define HAVE_DLFCN_H 1
| #define LT_OBJDIR ".libs/"
| #define gFortran 1
| #define NF_INT1_T byte
| #define NF_INT2_T integer*2
| #define NF_INT1_IS_C_SIGNED_CHAR 1
| #define NF_INT2_IS_C_SHORT 1
| #define NF_INT_IS_C_INT 1
| #define NF_REAL_IS_C_FLOAT 1
| #define NF_DOUBLEPRECISION_IS_C_DOUBLE 1
| #define NCBYTE_T byte
| #define NCSHORT_T integer*2
| #define HAVE_STRERROR 1
| #define HAVE_ALLOCA_H 1
| #define HAVE_ALLOCA 1
| #define HAVE_STRUCT_STAT_ST_BLKSIZE 1
| #define HAVE_ST_BLKSIZE 1
| #define HAVE_SSIZE_T 1
| #define HAVE_PTRDIFF_T 1
| /* end confdefs.h.  */
| #include <sys/types.h>
| 		#include <sys/param.h>
| 
| int
| main ()
| {
| #if BYTE_ORDER != BIG_ENDIAN
| 		 not big endian
| 		#endif
| 
|   ;
|   return 0;
| }
configure:24249: result: no
configure:24271: checking size of short
configure:24276: cc -o conftest -g -O2   conftest.c  >&5
configure:24276: $? = 0
configure:24276: ./conftest
configure:24276: $? = 0
configure:24290: result: 2
configure:24304: checking size of int
configure:24309: cc -o conftest -g -O2   conftest.c  >&5
configure:24309: $? = 0
configure:24309: ./conftest
configure:24309: $? = 0
configure:24323: result: 4
configure:24337: checking size of long
configure:24342: cc -o conftest -g -O2   conftest.c  >&5
configure:24342: $? = 0
configure:24342: ./conftest
configure:24342: $? = 0
configure:24356: result: 8
configure:24370: checking size of float
configure:24375: cc -o conftest -g -O2   conftest.c  >&5
configure:24375: $? = 0
configure:24375: ./conftest
configure:24375: $? = 0
configure:24389: result: 4
configure:24403: checking size of double
configure:24408: cc -o conftest -g -O2   conftest.c  >&5
configure:24408: $? = 0
configure:24408: ./conftest
configure:24408: $? = 0
configure:24422: result: 8
configure:24436: checking size of off_t
configure:24441: cc -o conftest -g -O2   conftest.c  >&5
configure:24441: $? = 0
configure:24441: ./conftest
configure:24441: $? = 0
configure:24455: result: 8
configure:24469: checking size of size_t
configure:24474: cc -o conftest -g -O2   conftest.c  >&5
configure:24474: $? = 0
configure:24474: ./conftest
configure:24474: $? = 0
configure:24488: result: 8
configure:24587: checking for manual-page index command
configure:24589: result: 
configure:24592: checking binary distribution directory
configure:24600: result: /home/ftp/pub/binary/dummy_system
configure:24621: generating header files and makefiles
configure:24850: creating ./config.status

## ---------------- ##
## Cache variables. ##
## ---------------- ##

ac_cv_build=x86_64-unknown-linux-gnu
ac_cv_c_bigendian=no
ac_cv_c_char_unsigned=no
ac_cv_c_compiler_gnu=yes
ac_cv_c_const=yes
ac_cv_c_ieeefloat=yes
ac_cv_cxx_compiler_gnu=yes
ac_cv_env_CCC_set=
ac_cv_env_CCC_value=
ac_cv_env_CC_set=
ac_cv_env_CC_value=
ac_cv_env_CFLAGS_set=
ac_cv_env_CFLAGS_value=
ac_cv_env_CPPFLAGS_set=
ac_cv_env_CPPFLAGS_value=
ac_cv_env_CPP_set=
ac_cv_env_CPP_value=
ac_cv_env_CXXCPP_set=
ac_cv_env_CXXCPP_value=
ac_cv_env_CXXFLAGS_set=
ac_cv_env_CXXFLAGS_value=
ac_cv_env_CXX_set=
ac_cv_env_CXX_value=
ac_cv_env_F77_set=
ac_cv_env_F77_value=
ac_cv_env_FCFLAGS_set=
ac_cv_env_FCFLAGS_value=
ac_cv_env_FC_set=
ac_cv_env_FC_value=
ac_cv_env_FFLAGS_set=
ac_cv_env_FFLAGS_value=
ac_cv_env_LDFLAGS_set=
ac_cv_env_LDFLAGS_value=
ac_cv_env_LIBS_set=
ac_cv_env_LIBS_value=
ac_cv_env_build_alias_set=
ac_cv_env_build_alias_value=
ac_cv_env_host_alias_set=
ac_cv_env_host_alias_value=
ac_cv_env_target_alias_set=
ac_cv_env_target_alias_value=
ac_cv_f77_compiler_gnu=yes
ac_cv_fc_compiler_gnu=yes
ac_cv_fc_srcext_f90=none
ac_cv_func_alloca_works=yes
ac_cv_func_strerror=yes
ac_cv_func_strlcat=no
ac_cv_header_dlfcn_h=yes
ac_cv_header_inttypes_h=yes
ac_cv_header_memory_h=yes
ac_cv_header_stdc=yes
ac_cv_header_stdint_h=yes
ac_cv_header_stdlib_h=yes
ac_cv_header_string_h=yes
ac_cv_header_strings_h=yes
ac_cv_header_sys_stat_h=yes
ac_cv_header_sys_types_h=yes
ac_cv_header_unistd_h=yes
ac_cv_host=x86_64-unknown-linux-gnu
ac_cv_member_struct_stat_st_blksize=yes
ac_cv_objext=o
ac_cv_path_EGREP='/bin/grep -E'
ac_cv_path_FGREP='/bin/grep -F'
ac_cv_path_GREP=/bin/grep
ac_cv_path_SED=/bin/sed
ac_cv_path_install='/usr/bin/install -c'
ac_cv_path_mkdir=/bin/mkdir
ac_cv_prog_AWK=gawk
ac_cv_prog_CPP='cc -E'
ac_cv_prog_CXXCPP='c++ -E'
ac_cv_prog_NM='/usr/bin/nm -B'
ac_cv_prog_ac_ct_AR=ar
ac_cv_prog_ac_ct_CC=cc
ac_cv_prog_ac_ct_CXX=c++
ac_cv_prog_ac_ct_F77=gfortran
ac_cv_prog_ac_ct_FC=gfortran
ac_cv_prog_ac_ct_OBJDUMP=objdump
ac_cv_prog_ac_ct_RANLIB=ranlib
ac_cv_prog_ac_ct_STRIP=strip
ac_cv_prog_cc_c89=
ac_cv_prog_cc_cc_c_o=yes
ac_cv_prog_cc_g=yes
ac_cv_prog_cxx_g=yes
ac_cv_prog_f77_g=yes
ac_cv_prog_f90_uppercase_mod=no
ac_cv_prog_fc_g=yes
ac_cv_prog_make_make_set=yes
ac_cv_sizeof_double=8
ac_cv_sizeof_float=4
ac_cv_sizeof_int=4
ac_cv_sizeof_long=8
ac_cv_sizeof_off_t=8
ac_cv_sizeof_short=2
ac_cv_sizeof_size_t=8
ac_cv_sys_file_offset_bits=no
ac_cv_sys_largefile_CC=no
ac_cv_type_off_t=yes
ac_cv_type_ptrdiff_t=yes
ac_cv_type_size_t=yes
ac_cv_type_ssize_t=yes
ac_cv_type_uchar=no
ac_cv_working_alloca_h=yes
am_cv_CC_dependencies_compiler_type=gcc3
am_cv_CXX_dependencies_compiler_type=gcc3
lt_cv_deplibs_check_method=pass_all
lt_cv_file_magic_cmd='$MAGIC_CMD'
lt_cv_file_magic_test_file=
lt_cv_ld_reload_flag=-r
lt_cv_nm_interface='BSD nm'
lt_cv_objdir=.libs
lt_cv_path_LD=/usr/bin/ld
lt_cv_path_LDCXX='/usr/bin/ld -m elf_x86_64'
lt_cv_path_NM='/usr/bin/nm -B'
lt_cv_prog_compiler_c_o=yes
lt_cv_prog_compiler_c_o_CXX=yes
lt_cv_prog_compiler_c_o_F77=yes
lt_cv_prog_compiler_c_o_FC=yes
lt_cv_prog_compiler_pic_works=yes
lt_cv_prog_compiler_pic_works_CXX=yes
lt_cv_prog_compiler_pic_works_F77=yes
lt_cv_prog_compiler_pic_works_FC=yes
lt_cv_prog_compiler_rtti_exceptions=no
lt_cv_prog_compiler_static_works=yes
lt_cv_prog_compiler_static_works_CXX=yes
lt_cv_prog_compiler_static_works_F77=yes
lt_cv_prog_compiler_static_works_FC=yes
lt_cv_prog_gnu_ld=yes
lt_cv_prog_gnu_ldcxx=yes
lt_cv_sys_global_symbol_pipe='sed -n -e '\''s/^.*[	 ]\([ABCDGIRSTW][ABCDGIRSTW]*\)[	 ][	 ]*\([_A-Za-z][_A-Za-z0-9]*\)$/\1 \2 \2/p'\'''
lt_cv_sys_global_symbol_to_c_name_address='sed -n -e '\''s/^: \([^ ]*\) $/  {\"\1\", (void *) 0},/p'\'' -e '\''s/^[ABCDGIRSTW]* \([^ ]*\) \([^ ]*\)$/  {"\2", (void *) \&\2},/p'\'''
lt_cv_sys_global_symbol_to_c_name_address_lib_prefix='sed -n -e '\''s/^: \([^ ]*\) $/  {\"\1\", (void *) 0},/p'\'' -e '\''s/^[ABCDGIRSTW]* \([^ ]*\) \(lib[^ ]*\)$/  {"\2", (void *) \&\2},/p'\'' -e '\''s/^[ABCDGIRSTW]* \([^ ]*\) \([^ ]*\)$/  {"lib\2", (void *) \&\2},/p'\'''
lt_cv_sys_global_symbol_to_cdecl='sed -n -e '\''s/^T .* \(.*\)$/extern int \1();/p'\'' -e '\''s/^[ABCDGIRSTW]* .* \(.*\)$/extern char \1;/p'\'''
lt_cv_sys_max_cmd_len=1572864

## ----------------- ##
## Output variables. ##
## ----------------- ##

ACLOCAL='${SHELL} /home/simon/gotm-da/netcdf-3.6.2/missing --run aclocal-1.11'
ALLOCA=''
AMDEPBACKSLASH='\'
AMDEP_FALSE='#'
AMDEP_TRUE=''
AMTAR='${SHELL} /home/simon/gotm-da/netcdf-3.6.2/missing --run tar'
AR='ar'
AS='as'
AUTOCONF='${SHELL} /home/simon/gotm-da/netcdf-3.6.2/missing --run autoconf'
AUTOHEADER='${SHELL} /home/simon/gotm-da/netcdf-3.6.2/missing --run autoheader'
AUTOMAKE='${SHELL} /home/simon/gotm-da/netcdf-3.6.2/missing --run automake-1.11'
AWK='gawk'
BUILD_CXX_FALSE='#'
BUILD_CXX_TRUE=''
BUILD_C_FALSE='#'
BUILD_C_TRUE=''
BUILD_DLL_FALSE=''
BUILD_DLL_TRUE='#'
BUILD_EXAMPLES_FALSE='#'
BUILD_EXAMPLES_TRUE=''
BUILD_F77_FALSE='#'
BUILD_F77_TRUE=''
BUILD_F90_FALSE='#'
BUILD_F90_TRUE=''
BUILD_SEPARATE_FORTRAN_FALSE=''
BUILD_SEPARATE_FORTRAN_TRUE='#'
BUILD_SHARED_FALSE=''
BUILD_SHARED_TRUE='#'
BUILD_UTILITIES_FALSE='#'
BUILD_UTILITIES_TRUE=''
BUILD_V2_FALSE='#'
BUILD_V2_TRUE=''
CC='cc'
CCDEPMODE='depmode=gcc3'
CFLAGS='-g -O2'
CPP='cc -E'
CPPFLAGS=''
CXX='c++'
CXXCPP='c++ -E'
CXXDEPMODE='depmode=gcc3'
CXXFLAGS='-g -O2'
CYGPATH_W='echo'
DEFS='-DHAVE_CONFIG_H'
DEPDIR='.deps'
DLLTOOL='dlltool'
DSYMUTIL=''
DUMPBIN=''
ECHO_C=''
ECHO_N='-n'
ECHO_T=''
EGREP='/bin/grep -E'
EXEEXT=''
F77='gfortran'
FC='gfortran'
FCFLAGS='-g -O2'
FCFLAGS_f90=''
FFLAGS='-g -O2'
FGREP='/bin/grep -F'
FTPBINDIR='/home/ftp/pub/binary/dummy_system'
GREP='/bin/grep'
INSTALL_DATA='${INSTALL} -m 644'
INSTALL_DOCS_FALSE=''
INSTALL_DOCS_TRUE='#'
INSTALL_PROGRAM='${INSTALL}'
INSTALL_SCRIPT='${INSTALL}'
INSTALL_STRIP_PROGRAM='$(install_sh) -c -s'
LARGE_FILE_TESTS_FALSE=''
LARGE_FILE_TESTS_TRUE='#'
LD='/usr/bin/ld -m elf_x86_64'
LDFLAGS=''
LIBOBJS=''
LIBS=''
LIBTOOL='$(SHELL) $(top_builddir)/libtool'
LIPO=''
LN_S='ln -s'
LTLIBOBJS=''
MAKEINFO='${SHELL} /home/simon/gotm-da/netcdf-3.6.2/missing --run makeinfo'
MAKEWHATIS_CMD=''
MKDIR_P='/bin/mkdir -p'
MOD_FLAG='-I'
NETCDF_C_LIB=''
NM='/usr/bin/nm -B'
NMEDIT=''
NMFLAGS=''
OBJDUMP='objdump'
OBJEXT='o'
OTOOL64=''
OTOOL=''
PACKAGE='netcdf'
PACKAGE_BUGREPORT='support@unidata.ucar.edu'
PACKAGE_NAME='netCDF'
PACKAGE_STRING='netCDF 3.6.2'
PACKAGE_TARNAME='netcdf'
PACKAGE_URL=''
PACKAGE_VERSION='3.6.2'
PATH_SEPARATOR=':'
RANLIB='ranlib'
SED='/bin/sed'
SET_MAKE=''
SHAREEXT_DYLIB_FALSE=''
SHAREEXT_DYLIB_TRUE='#'
SHAREEXT_SL_FALSE=''
SHAREEXT_SL_TRUE='#'
SHELL='/bin/bash'
STRIP='strip'
TEST_F77_FALSE='#'
TEST_F77_TRUE=''
TEST_PARALLEL_FALSE=''
TEST_PARALLEL_TRUE='#'
UPPER_CASE_MOD_FALSE=''
UPPER_CASE_MOD_TRUE='#'
USE_FFIO_FALSE=''
USE_FFIO_TRUE='#'
USE_HDF5_DIR_FALSE=''
USE_HDF5_DIR_TRUE='#'
USE_NETCDF4_FALSE=''
USE_NETCDF4_TRUE='#'
USE_NETCDF_C_LIB_DIR_FALSE=''
USE_NETCDF_C_LIB_DIR_TRUE='#'
VERSION='3.6.2'
WHATIS='whatis'
ac_ct_CC='cc'
ac_ct_CXX='c++'
ac_ct_DUMPBIN=''
ac_ct_F77='gfortran'
ac_ct_FC='gfortran'
am__EXEEXT_FALSE=''
am__EXEEXT_TRUE='#'
am__fastdepCC_FALSE='#'
am__fastdepCC_TRUE=''
am__fastdepCXX_FALSE='#'
am__fastdepCXX_TRUE=''
am__include='include'
am__isrc=''
am__leading_dot='.'
am__quote=''
am__tar='${AMTAR} chof - "$$tardir"'
am__untar='${AMTAR} xf -'
bindir='${exec_prefix}/bin'
build='x86_64-unknown-linux-gnu'
build_alias=''
build_cpu='x86_64'
build_os='linux-gnu'
build_vendor='unknown'
datadir='${datarootdir}'
datarootdir='${prefix}/share'
docdir='${datarootdir}/doc/${PACKAGE_TARNAME}'
dvidir='${docdir}'
exec_prefix='${prefix}'
host='x86_64-unknown-linux-gnu'
host_alias=''
host_cpu='x86_64'
host_os='linux-gnu'
host_vendor='unknown'
htmldir='${docdir}'
includedir='${prefix}/include'
infodir='${datarootdir}/info'
install_sh='${SHELL} /home/simon/gotm-da/netcdf-3.6.2/install-sh'
libdir='${exec_prefix}/lib'
libexecdir='${exec_prefix}/libexec'
localedir='${datarootdir}/locale'
localstatedir='${prefix}/var'
lt_ECHO='echo'
mandir='${datarootdir}/man'
mkdir_p='/bin/mkdir -p'
oldincludedir='/usr/include'
pdfdir='${docdir}'
prefix='/usr/local'
prog=''
program_transform_name='s,x,x,'
psdir='${docdir}'
sbindir='${exec_prefix}/sbin'
sharedstatedir='${prefix}/com'
sysconfdir='${prefix}/etc'
target_alias=''

## ----------- ##
## confdefs.h. ##
## ----------- ##

/* confdefs.h */
#define PACKAGE_NAME "netCDF"
#define PACKAGE_TARNAME "netcdf"
#define PACKAGE_VERSION "3.6.2"
#define PACKAGE_STRING "netCDF 3.6.2"
#define PACKAGE_BUGREPORT "support@unidata.ucar.edu"
#define PACKAGE_URL ""
#define PACKAGE "netcdf"
#define VERSION "3.6.2"
#define USE_EXTREME_NUMBERS 1
#define TEMP_LARGE $TEMP_LARGE
#define STDC_HEADERS 1
#define HAVE_SYS_TYPES_H 1
#define HAVE_SYS_STAT_H 1
#define HAVE_STDLIB_H 1
#define HAVE_STRING_H 1
#define HAVE_MEMORY_H 1
#define HAVE_STRINGS_H 1
#define HAVE_INTTYPES_H 1
#define HAVE_STDINT_H 1
#define HAVE_UNISTD_H 1
#define HAVE_DLFCN_H 1
#define LT_OBJDIR ".libs/"
#define gFortran 1
#define NF_INT1_T byte
#define NF_INT2_T integer*2
#define NF_INT1_IS_C_SIGNED_CHAR 1
#define NF_INT2_IS_C_SHORT 1
#define NF_INT_IS_C_INT 1
#define NF_REAL_IS_C_FLOAT 1
#define NF_DOUBLEPRECISION_IS_C_DOUBLE 1
#define NCBYTE_T byte
#define NCSHORT_T integer*2
#define HAVE_STRERROR 1
#define HAVE_ALLOCA_H 1
#define HAVE_ALLOCA 1
#define HAVE_STRUCT_STAT_ST_BLKSIZE 1
#define HAVE_ST_BLKSIZE 1
#define HAVE_SSIZE_T 1
#define HAVE_PTRDIFF_T 1
#define SIZEOF_SHORT 2
#define SIZEOF_INT 4
#define SIZEOF_LONG 8
#define SIZEOF_FLOAT 4
#define SIZEOF_DOUBLE 8
#define SIZEOF_OFF_T 8
#define SIZEOF_SIZE_T 8

configure: exit 0

## ---------------------- ##
## Running config.status. ##
## ---------------------- ##

This file was extended by netCDF config.status 3.6.2, which was
generated by GNU Autoconf 2.69.  Invocation command line was

  CONFIG_FILES    = 
  CONFIG_HEADERS  = 
  CONFIG_LINKS    = 
  CONFIG_COMMANDS = 
  $ ./config.status 

on thumper-xenial

config.status:1329: creating Makefile
config.status:1329: creating man/Makefile
config.status:1329: creating fortran/Makefile
config.status:1329: creating libsrc/Makefile
config.status:1329: creating nctest/Makefile
config.status:1329: creating nc_test/Makefile
config.status:1329: creating ncdump/Makefile
config.status:1329: creating ncgen/Makefile
config.status:1329: creating nf_test/Makefile
config.status:1329: creating cxx/Makefile
config.status:1329: creating f90/Makefile
config.status:1329: creating examples/Makefile
config.status:1329: creating examples/C/Makefile
config.status:1329: creating examples/CDL/Makefile
config.status:1329: creating examples/CXX/Makefile
config.status:1329: creating examples/F90/Makefile
config.status:1329: creating examples/F77/Makefile
config.status:1329: creating config.h
config.status:1329: creating fortran/nfconfig1.inc
config.status:1510: fortran/nfconfig1.inc is unchanged
config.status:1558: executing depfiles commands
config.status:1558: executing libtool commands

## ---------------------- ##
## Running config.status. ##
## ---------------------- ##

This file was extended by netCDF config.status 3.6.2, which was
generated by GNU Autoconf 2.69.  Invocation command line was

  CONFIG_FILES    = 
  CONFIG_HEADERS  = 
  CONFIG_LINKS    = 
  CONFIG_COMMANDS = 
  $ ./config.status config.h

on thumper-xenial

config.status:1329: creating config.h
config.status:1510: config.h is unchanged

## ---------------------- ##
## Running config.status. ##
## ---------------------- ##

This file was extended by netCDF config.status 3.6.2, which was
generated by GNU Autoconf 2.69.  Invocation command line was

  CONFIG_FILES    = 
  CONFIG_HEADERS  = 
  CONFIG_LINKS    = 
  CONFIG_COMMANDS = 
  $ ./config.status fortran/nfconfig1.inc

on thumper-xenial

config.status:1329: creating fortran/nfconfig1.inc
config.status:1510: fortran/nfconfig1.inc is unchanged

## ---------------------- ##
## Running config.status. ##
## ---------------------- ##

This file was extended by netCDF config.status 3.6.2, which was
generated by GNU Autoconf 2.69.  Invocation command line was

  CONFIG_FILES    = 
  CONFIG_HEADERS  = 
  CONFIG_LINKS    = 
  CONFIG_COMMANDS = 
  $ ./config.status config.h

on thumper-xenial

config.status:1329: creating config.h
config.status:1510: config.h is unchanged
